<?xml version="1.0" encoding="UTF-8"?>
<testsuite xmlns:xsi="http://www.w3.org/2001/XMLSchema-instance" xsi:noNamespaceSchemaLocation="https://maven.apache.org/surefire/maven-surefire-plugin/xsd/surefire-test-report-3.0.xsd" version="3.0" name="net.openhft.chronicle.wire.dynenum.WireDynamicEnumTest" time="0.906" tests="1" errors="0" skipped="0" failures="1">
  <properties>
[...]
</properties>
  <testcase name="deserialize2" classname="net.openhft.chronicle.wire.dynenum.WireDynamicEnumTest" time="0.888">
    <failure message="expected:&lt;...OUR&#10;}&#10;# 2, 4&#10;Update [!WDENum2 {&#10;  name: KING,&#10;  nice: King,&#10;  value: 112&#10;}]&#10;&#10;ONE = One = 1&#10;TWO ...&gt; but was:&lt;...OUR&#10;}&#10;# 2, 4&#10;Update [  name: KING,&#10;  nice: King,&#10;  value:112]&#10;&#10;ONE = One = 1&#10;TWO ...&gt;" type="org.junit.ComparisonFailure"><![CDATA[org.junit.ComparisonFailure: 
expected:<...OUR
}
# 2, 4
Update [!WDENum2 {
  name: KING,
  nice: King,
  value: 112
}]

ONE = One = 1
TWO ...> but was:<...OUR
}
# 2, 4
Update [  name: KING,
  nice: King,
  value:112]

ONE = One = 1
TWO ...>
	at net.openhft.chronicle.wire.dynenum.WireDynamicEnumTest.deserialize2(WireDynamicEnumTest.java:219)
]]></failure>
    <system-out><![CDATA[Zhilin prints out d's keys:   name: KING,
  nice: King,
  value:112

SEE if i can sort it  name: KING,
  nice: King,
  value:112

]]></system-out>
    <system-err><![CDATA[[main] INFO net.openhft.chronicle.core.Jvm - Chronicle core loaded from file:/home/zhilinw3/.m2/repository/net/openhft/chronicle-core/2.22ea3/chronicle-core-2.22ea3.jar
]]></system-err>
  </testcase>
</testsuite>